[2019-07-30 18:45:43.248] [sharedprocess] [info] main {"machineId":"d56de9811bb29388bc0ad9891212d32cab837c3df5b1ce3d96320091d5f493e8"}
[2019-07-30 18:45:43.270] [sharedprocess] [info] Scanned user extensions: 0
[2019-07-30 18:45:45.055] [sharedprocess] [info] Scanned system extensions: 71
[2019-07-30 18:45:46.170] [sharedprocess] [info] Scanned user extensions: 0
[2019-07-30 18:45:46.188] [sharedprocess] [info] Scanned system extensions: 71
[2019-07-30 18:45:47.553] [sharedprocess] [info] Scanned user extensions: 0
[2019-07-30 18:45:47.948] [sharedprocess] [info] Scanned user extensions: 0
[2019-07-30 18:45:47.998] [sharedprocess] [info] Scanned system extensions: 71
[2019-07-30 18:45:51.331] [sharedprocess] [info] Scanned user extensions: 0
[2019-07-30 18:45:51.331] [sharedprocess] [info] Installing the extension: codemix.docker
[2019-07-30 18:45:51.363] [sharedprocess] [info] Extracted extension to C:\Users\zfj\.codemix\extensions\.codemix.docker-0.9.3: codemix.docker
[2019-07-30 18:45:51.365] [sharedprocess] [info] Renamed to C:\Users\zfj\.codemix\extensions\codemix.docker-0.9.3
[2019-07-30 18:45:51.366] [sharedprocess] [info] Installation completed. codemix.docker
[2019-07-30 18:45:51.367] [sharedprocess] [info] Successfully installed the extension: codemix.docker
[2019-07-30 18:45:51.380] [sharedprocess] [info] Scanned user extensions: 1
[2019-07-30 18:45:51.527] [sharedprocess] [info] Scanned system extensions: 71
[2019-07-30 18:45:51.574] [sharedprocess] [info] Scanned user extensions: 1
[2019-07-30 18:45:53.046] [sharedprocess] [info] Scanned user extensions: 1
[2019-07-30 18:45:53.046] [sharedprocess] [info] Installing the extension: christian-kohler.path-intellisense
[2019-07-30 18:45:53.168] [sharedprocess] [info] Extracted extension to C:\Users\zfj\.codemix\extensions\.christian-kohler.path-intellisense-1.4.2: christian-kohler.path-intellisense
[2019-07-30 18:45:53.170] [sharedprocess] [info] Renamed to C:\Users\zfj\.codemix\extensions\christian-kohler.path-intellisense-1.4.2
[2019-07-30 18:45:53.171] [sharedprocess] [info] Installation completed. christian-kohler.path-intellisense
[2019-07-30 18:45:53.171] [sharedprocess] [info] Successfully installed the extension: christian-kohler.path-intellisense
[2019-07-30 18:45:53.210] [sharedprocess] [info] Scanned user extensions: 2
[2019-07-30 18:45:53.243] [sharedprocess] [info] Scanned system extensions: 71
[2019-07-30 18:45:53.272] [sharedprocess] [info] Scanned user extensions: 2
[2019-07-30 18:46:23.264] [sharedprocess] [info] Starting to clean up unused language packs.
[2019-07-30 18:47:32.404] [sharedprocess] [info] Scanned user extensions: 2
[2019-07-30 18:47:32.404] [sharedprocess] [info] Installing the extension: peterjausovec.vscode-docker
[2019-07-30 18:47:33.978] [sharedprocess] [info] Extracted extension to C:\Users\zfj\.codemix\extensions\.peterjausovec.vscode-docker-0.6.2: peterjausovec.vscode-docker
[2019-07-30 18:47:33.981] [sharedprocess] [info] Renamed to C:\Users\zfj\.codemix\extensions\peterjausovec.vscode-docker-0.6.2
[2019-07-30 18:47:33.983] [sharedprocess] [info] Installation completed. peterjausovec.vscode-docker
[2019-07-30 18:47:33.983] [sharedprocess] [info] Successfully installed the extension: peterjausovec.vscode-docker
[2019-07-30 18:47:34.049] [sharedprocess] [info] Scanned user extensions: 3
[2019-07-30 18:47:34.098] [sharedprocess] [info] Scanned system extensions: 71
[2019-07-30 18:47:34.122] [sharedprocess] [info] Scanned user extensions: 3
[2019-07-30 18:48:20.106] [sharedprocess] [info] Scanned user extensions: 3
[2019-07-30 18:48:20.106] [sharedprocess] [info] Installing the extension: formulahendry.code-runner
[2019-07-30 18:48:20.665] [sharedprocess] [info] Extracted extension to C:\Users\zfj\.codemix\extensions\.formulahendry.code-runner-0.9.10: formulahendry.code-runner
[2019-07-30 18:48:20.667] [sharedprocess] [info] Renamed to C:\Users\zfj\.codemix\extensions\formulahendry.code-runner-0.9.10
[2019-07-30 18:48:20.677] [sharedprocess] [info] Installation completed. formulahendry.code-runner
[2019-07-30 18:48:20.677] [sharedprocess] [info] Successfully installed the extension: formulahendry.code-runner
[2019-07-30 18:48:20.763] [sharedprocess] [info] Scanned user extensions: 4
[2019-07-30 18:48:20.778] [sharedprocess] [info] Scanned system extensions: 71
[2019-07-30 18:48:20.818] [sharedprocess] [info] Scanned user extensions: 4
[2019-07-30 18:48:25.811] [sharedprocess] [info] Scanned user extensions: 4
[2019-07-30 18:48:25.859] [sharedprocess] [info] Scanned system extensions: 71
[2019-07-30 18:48:26.315] [sharedprocess] [info] Scanned user extensions: 4
[2019-07-30 18:48:26.333] [sharedprocess] [info] Scanned system extensions: 71
[2019-07-30 18:48:27.862] [sharedprocess] [info] Scanned user extensions: 4
[2019-07-30 18:53:27.869] [sharedprocess] [info] Scanned user extensions: 4
[2019-07-30 18:58:27.876] [sharedprocess] [info] Scanned user extensions: 4
[2019-07-30 19:03:27.882] [sharedprocess] [info] Scanned user extensions: 4
[2019-07-30 19:08:27.892] [sharedprocess] [info] Scanned user extensions: 4
[2019-07-30 19:13:27.900] [sharedprocess] [info] Scanned user extensions: 4
[2019-07-30 19:18:27.907] [sharedprocess] [info] Scanned user extensions: 4
[2019-07-30 19:23:27.917] [sharedprocess] [info] Scanned user extensions: 4
[2019-07-30 19:28:27.924] [sharedprocess] [info] Scanned user extensions: 4
[2019-07-30 19:33:27.932] [sharedprocess] [info] Scanned user extensions: 4
[2019-07-30 19:38:27.941] [sharedprocess] [info] Scanned user extensions: 4
[2019-07-30 19:43:27.949] [sharedprocess] [info] Scanned user extensions: 4
[2019-07-30 19:48:27.956] [sharedprocess] [info] Scanned user extensions: 4
[2019-07-30 19:53:27.963] [sharedprocess] [info] Scanned user extensions: 4
[2019-07-30 19:58:27.970] [sharedprocess] [info] Scanned user extensions: 4
[2019-07-30 20:03:27.977] [sharedprocess] [info] Scanned user extensions: 4
[2019-07-30 20:08:27.985] [sharedprocess] [info] Scanned user extensions: 4
[2019-07-30 20:13:27.993] [sharedprocess] [info] Scanned user extensions: 4
[2019-07-30 20:18:28.000] [sharedprocess] [info] Scanned user extensions: 4
[2019-07-30 20:23:28.019] [sharedprocess] [info] Scanned user extensions: 4
[2019-07-30 20:28:28.027] [sharedprocess] [info] Scanned user extensions: 4
[2019-07-30 20:33:28.035] [sharedprocess] [info] Scanned user extensions: 4
[2019-07-30 20:38:28.043] [sharedprocess] [info] Scanned user extensions: 4
[2019-07-30 20:43:28.048] [sharedprocess] [info] Scanned user extensions: 4
[2019-07-30 20:48:28.059] [sharedprocess] [info] Scanned user extensions: 4
[2019-07-30 20:53:28.067] [sharedprocess] [info] Scanned user extensions: 4
[2019-07-30 20:58:28.075] [sharedprocess] [info] Scanned user extensions: 4
[2019-07-30 21:03:28.084] [sharedprocess] [info] Scanned user extensions: 4
[2019-07-30 21:08:28.092] [sharedprocess] [info] Scanned user extensions: 4
[2019-07-30 21:13:28.099] [sharedprocess] [info] Scanned user extensions: 4
[2019-07-30 21:18:28.106] [sharedprocess] [info] Scanned user extensions: 4
[2019-07-30 21:23:26.041] [sharedprocess] [info] Scanned user extensions: 4
[2019-07-30 21:28:26.048] [sharedprocess] [info] Scanned user extensions: 4
[2019-07-30 21:33:26.055] [sharedprocess] [info] Scanned user extensions: 4
[2019-07-30 21:38:26.063] [sharedprocess] [info] Scanned user extensions: 4
[2019-07-30 21:43:26.070] [sharedprocess] [info] Scanned user extensions: 4
[2019-07-30 21:48:26.076] [sharedprocess] [info] Scanned user extensions: 4
[2019-07-30 21:53:26.084] [sharedprocess] [info] Scanned user extensions: 4
[2019-07-30 21:58:26.092] [sharedprocess] [info] Scanned user extensions: 4
[2019-07-30 22:03:26.099] [sharedprocess] [info] Scanned user extensions: 4
[2019-07-30 22:08:26.109] [sharedprocess] [info] Scanned user extensions: 4
[2019-07-30 22:13:26.117] [sharedprocess] [info] Scanned user extensions: 4
[2019-07-30 22:18:26.124] [sharedprocess] [info] Scanned user extensions: 4
[2019-07-30 22:23:26.131] [sharedprocess] [info] Scanned user extensions: 4
[2019-07-30 22:28:26.138] [sharedprocess] [info] Scanned user extensions: 4
[2019-07-30 22:33:26.146] [sharedprocess] [info] Scanned user extensions: 4
[2019-07-30 22:38:26.153] [sharedprocess] [info] Scanned user extensions: 4
[2019-07-30 22:43:26.160] [sharedprocess] [info] Scanned user extensions: 4
[2019-07-30 22:48:26.167] [sharedprocess] [info] Scanned user extensions: 4
[2019-07-30 22:53:26.176] [sharedprocess] [info] Scanned user extensions: 4
[2019-07-30 22:58:26.181] [sharedprocess] [info] Scanned user extensions: 4
[2019-07-30 23:03:26.187] [sharedprocess] [info] Scanned user extensions: 4
[2019-07-30 23:08:26.195] [sharedprocess] [info] Scanned user extensions: 4
[2019-07-30 23:13:26.202] [sharedprocess] [info] Scanned user extensions: 4
[2019-07-30 23:18:26.210] [sharedprocess] [info] Scanned user extensions: 4
[2019-07-30 23:23:26.216] [sharedprocess] [info] Scanned user extensions: 4
[2019-07-30 23:28:26.222] [sharedprocess] [info] Scanned user extensions: 4
[2019-07-30 23:33:26.230] [sharedprocess] [info] Scanned user extensions: 4
[2019-07-30 23:38:26.237] [sharedprocess] [info] Scanned user extensions: 4
[2019-07-30 23:43:26.247] [sharedprocess] [info] Scanned user extensions: 4
[2019-07-30 23:48:26.254] [sharedprocess] [info] Scanned user extensions: 4
[2019-07-30 23:53:26.262] [sharedprocess] [info] Scanned user extensions: 4
[2019-07-30 23:58:26.270] [sharedprocess] [info] Scanned user extensions: 4
[2019-07-31 00:03:26.277] [sharedprocess] [info] Scanned user extensions: 4
[2019-07-31 00:08:26.285] [sharedprocess] [info] Scanned user extensions: 4
[2019-07-31 00:13:26.292] [sharedprocess] [info] Scanned user extensions: 4
[2019-07-31 00:18:26.299] [sharedprocess] [info] Scanned user extensions: 4
[2019-07-31 00:23:26.306] [sharedprocess] [info] Scanned user extensions: 4
[2019-07-31 00:28:26.314] [sharedprocess] [info] Scanned user extensions: 4
[2019-07-31 00:33:26.321] [sharedprocess] [info] Scanned user extensions: 4
[2019-07-31 00:38:26.328] [sharedprocess] [info] Scanned user extensions: 4
[2019-07-31 00:43:26.338] [sharedprocess] [info] Scanned user extensions: 4
[2019-07-31 00:48:26.344] [sharedprocess] [info] Scanned user extensions: 4
[2019-07-31 00:53:26.351] [sharedprocess] [info] Scanned user extensions: 4
[2019-07-31 00:58:26.359] [sharedprocess] [info] Scanned user extensions: 4
[2019-07-31 01:03:26.368] [sharedprocess] [info] Scanned user extensions: 4
[2019-07-31 01:08:26.375] [sharedprocess] [info] Scanned user extensions: 4
[2019-07-31 01:13:26.383] [sharedprocess] [info] Scanned user extensions: 4
[2019-07-31 01:18:26.389] [sharedprocess] [info] Scanned user extensions: 4
[2019-07-31 01:23:26.398] [sharedprocess] [info] Scanned user extensions: 4
[2019-07-31 01:28:26.404] [sharedprocess] [info] Scanned user extensions: 4
[2019-07-31 01:33:26.412] [sharedprocess] [info] Scanned user extensions: 4
[2019-07-31 01:38:26.418] [sharedprocess] [info] Scanned user extensions: 4
[2019-07-31 01:43:26.424] [sharedprocess] [info] Scanned user extensions: 4
[2019-07-31 01:48:26.431] [sharedprocess] [info] Scanned user extensions: 4
[2019-07-31 01:53:26.437] [sharedprocess] [info] Scanned user extensions: 4
[2019-07-31 01:58:26.444] [sharedprocess] [info] Scanned user extensions: 4
[2019-07-31 02:03:26.451] [sharedprocess] [info] Scanned user extensions: 4
[2019-07-31 02:08:26.459] [sharedprocess] [info] Scanned user extensions: 4
[2019-07-31 02:13:26.468] [sharedprocess] [info] Scanned user extensions: 4
[2019-07-31 02:18:26.475] [sharedprocess] [info] Scanned user extensions: 4
[2019-07-31 02:23:26.482] [sharedprocess] [info] Scanned user extensions: 4
[2019-07-31 02:28:26.488] [sharedprocess] [info] Scanned user extensions: 4
[2019-07-31 02:33:26.499] [sharedprocess] [info] Scanned user extensions: 4
[2019-07-31 02:38:26.508] [sharedprocess] [info] Scanned user extensions: 4
[2019-07-31 02:43:26.515] [sharedprocess] [info] Scanned user extensions: 4
[2019-07-31 02:48:26.524] [sharedprocess] [info] Scanned user extensions: 4
[2019-07-31 02:53:26.531] [sharedprocess] [info] Scanned user extensions: 4
[2019-07-31 02:58:26.541] [sharedprocess] [info] Scanned user extensions: 4
[2019-07-31 03:03:26.548] [sharedprocess] [info] Scanned user extensions: 4
[2019-07-31 03:08:26.555] [sharedprocess] [info] Scanned user extensions: 4
[2019-07-31 03:13:26.563] [sharedprocess] [info] Scanned user extensions: 4
[2019-07-31 03:18:26.573] [sharedprocess] [info] Scanned user extensions: 4
[2019-07-31 03:23:26.581] [sharedprocess] [info] Scanned user extensions: 4
[2019-07-31 03:28:26.589] [sharedprocess] [info] Scanned user extensions: 4
[2019-07-31 03:33:26.596] [sharedprocess] [info] Scanned user extensions: 4
[2019-07-31 03:38:26.604] [sharedprocess] [info] Scanned user extensions: 4
[2019-07-31 03:43:26.615] [sharedprocess] [info] Scanned user extensions: 4
[2019-07-31 03:48:26.622] [sharedprocess] [info] Scanned user extensions: 4
[2019-07-31 03:53:26.631] [sharedprocess] [info] Scanned user extensions: 4
[2019-07-31 03:58:26.638] [sharedprocess] [info] Scanned user extensions: 4
[2019-07-31 04:03:26.647] [sharedprocess] [info] Scanned user extensions: 4
[2019-07-31 04:08:26.655] [sharedprocess] [info] Scanned user extensions: 4
[2019-07-31 04:13:26.665] [sharedprocess] [info] Scanned user extensions: 4
[2019-07-31 04:18:26.671] [sharedprocess] [info] Scanned user extensions: 4
[2019-07-31 04:23:26.677] [sharedprocess] [info] Scanned user extensions: 4
[2019-07-31 04:28:26.683] [sharedprocess] [info] Scanned user extensions: 4
[2019-07-31 04:33:26.690] [sharedprocess] [info] Scanned user extensions: 4
[2019-07-31 04:38:26.696] [sharedprocess] [info] Scanned user extensions: 4
[2019-07-31 04:43:26.704] [sharedprocess] [info] Scanned user extensions: 4
[2019-07-31 04:48:26.713] [sharedprocess] [info] Scanned user extensions: 4
[2019-07-31 04:53:26.720] [sharedprocess] [info] Scanned user extensions: 4
[2019-07-31 04:58:26.728] [sharedprocess] [info] Scanned user extensions: 4
[2019-07-31 05:03:26.735] [sharedprocess] [info] Scanned user extensions: 4
[2019-07-31 05:08:26.744] [sharedprocess] [info] Scanned user extensions: 4
[2019-07-31 05:13:26.753] [sharedprocess] [info] Scanned user extensions: 4
[2019-07-31 05:18:26.760] [sharedprocess] [info] Scanned user extensions: 4
[2019-07-31 05:23:26.768] [sharedprocess] [info] Scanned user extensions: 4
[2019-07-31 05:28:26.775] [sharedprocess] [info] Scanned user extensions: 4
[2019-07-31 05:33:26.782] [sharedprocess] [info] Scanned user extensions: 4
[2019-07-31 05:38:26.790] [sharedprocess] [info] Scanned user extensions: 4
[2019-07-31 05:43:26.796] [sharedprocess] [info] Scanned user extensions: 4
[2019-07-31 05:48:26.803] [sharedprocess] [info] Scanned user extensions: 4
[2019-07-31 05:53:26.811] [sharedprocess] [info] Scanned user extensions: 4
[2019-07-31 05:58:26.817] [sharedprocess] [info] Scanned user extensions: 4
[2019-07-31 06:03:26.825] [sharedprocess] [info] Scanned user extensions: 4
[2019-07-31 06:08:26.832] [sharedprocess] [info] Scanned user extensions: 4
[2019-07-31 06:13:26.838] [sharedprocess] [info] Scanned user extensions: 4
[2019-07-31 06:18:26.845] [sharedprocess] [info] Scanned user extensions: 4
[2019-07-31 06:23:26.854] [sharedprocess] [info] Scanned user extensions: 4
[2019-07-31 06:28:26.862] [sharedprocess] [info] Scanned user extensions: 4
[2019-07-31 06:33:26.870] [sharedprocess] [info] Scanned user extensions: 4
[2019-07-31 06:38:26.878] [sharedprocess] [info] Scanned user extensions: 4
[2019-07-31 06:43:26.886] [sharedprocess] [info] Scanned user extensions: 4
[2019-07-31 06:48:26.894] [sharedprocess] [info] Scanned user extensions: 4
[2019-07-31 06:53:26.902] [sharedprocess] [info] Scanned user extensions: 4
[2019-07-31 06:58:26.910] [sharedprocess] [info] Scanned user extensions: 4
[2019-07-31 07:03:26.918] [sharedprocess] [info] Scanned user extensions: 4
[2019-07-31 07:08:26.926] [sharedprocess] [info] Scanned user extensions: 4
[2019-07-31 07:13:26.934] [sharedprocess] [info] Scanned user extensions: 4
[2019-07-31 07:18:26.941] [sharedprocess] [info] Scanned user extensions: 4
[2019-07-31 07:23:26.949] [sharedprocess] [info] Scanned user extensions: 4
[2019-07-31 07:28:26.958] [sharedprocess] [info] Scanned user extensions: 4
[2019-07-31 07:33:26.967] [sharedprocess] [info] Scanned user extensions: 4
[2019-07-31 07:38:26.976] [sharedprocess] [info] Scanned user extensions: 4
[2019-07-31 07:43:26.985] [sharedprocess] [info] Scanned user extensions: 4
[2019-07-31 07:48:26.992] [sharedprocess] [info] Scanned user extensions: 4
[2019-07-31 07:53:27.000] [sharedprocess] [info] Scanned user extensions: 4
[2019-07-31 07:58:27.007] [sharedprocess] [info] Scanned user extensions: 4
[2019-07-31 08:03:27.014] [sharedprocess] [info] Scanned user extensions: 4
[2019-07-31 08:08:27.023] [sharedprocess] [info] Scanned user extensions: 4
[2019-07-31 08:13:27.029] [sharedprocess] [info] Scanned user extensions: 4
[2019-07-31 08:18:27.037] [sharedprocess] [info] Scanned user extensions: 4
[2019-07-31 08:23:27.046] [sharedprocess] [info] Scanned user extensions: 4
[2019-07-31 08:28:27.053] [sharedprocess] [info] Scanned user extensions: 4
[2019-07-31 08:33:27.064] [sharedprocess] [info] Scanned user extensions: 4
[2019-07-31 08:38:27.072] [sharedprocess] [info] Scanned user extensions: 4
[2019-07-31 08:43:27.079] [sharedprocess] [info] Scanned user extensions: 4
[2019-07-31 08:48:27.088] [sharedprocess] [info] Scanned user extensions: 4
[2019-07-31 08:53:27.095] [sharedprocess] [info] Scanned user extensions: 4
