[2019-07-30 18:45:50.414] [exthost] [info] extension host started
[2019-07-30 18:45:50.920] [exthost] [info] extension host started
[2019-07-30 18:45:51.002] [exthost] [info] ExtensionService#_doActivateExtension vscode.debug-auto-launch {"startup":true,"activationEvent":"*"}
[2019-07-30 18:45:51.002] [exthost] [info] ExtensionService#loadCommonJSModule c:\Users\zfj\.codemix\engine\resources\app\extensions\debug-auto-launch\dist\extension
[2019-07-30 18:45:51.096] [exthost] [info] ExtensionService#_doActivateExtension vscode.emmet {"startup":true,"activationEvent":"*"}
[2019-07-30 18:45:51.096] [exthost] [info] ExtensionService#loadCommonJSModule c:\Users\zfj\.codemix\engine\resources\app\extensions\emmet\dist\extension
[2019-07-30 18:45:51.151] [exthost] [info] ExtensionService#_doActivateExtension vscode.configuration-editing {"startup":false,"activationEvent":"onLanguage:jsonc"}
[2019-07-30 18:45:51.151] [exthost] [info] ExtensionService#loadCommonJSModule c:\Users\zfj\.codemix\engine\resources\app\extensions\configuration-editing\dist\extension
[2019-07-30 18:45:51.241] [exthost] [info] ExtensionService#_doActivateExtension vscode.json-language-features {"startup":false,"activationEvent":"onLanguage:jsonc"}
[2019-07-30 18:45:51.241] [exthost] [info] ExtensionService#loadCommonJSModule c:\Users\zfj\.codemix\engine\resources\app\extensions\json-language-features\client\dist\jsonMain
[2019-07-30 18:45:51.695] [exthost] [info] ExtensionService#_doActivateExtension vscode.typescript-language-features {"startup":false,"activationEvent":"onLanguage:jsonc"}
[2019-07-30 18:45:51.695] [exthost] [info] ExtensionService#loadCommonJSModule c:\Users\zfj\.codemix\engine\resources\app\extensions\typescript-language-features\dist\extension
[2019-07-30 18:45:52.170] [exthost] [info] ExtensionService#_doActivateExtension vscode.grunt {"startup":false,"activationEvent":"onCommand:workbench.action.tasks.runTask"}
[2019-07-30 18:45:52.170] [exthost] [info] ExtensionService#loadCommonJSModule c:\Users\zfj\.codemix\engine\resources\app\extensions\grunt\dist\main
[2019-07-30 18:45:52.200] [exthost] [info] ExtensionService#_doActivateExtension vscode.gulp {"startup":false,"activationEvent":"onCommand:workbench.action.tasks.runTask"}
[2019-07-30 18:45:52.200] [exthost] [info] ExtensionService#loadCommonJSModule c:\Users\zfj\.codemix\engine\resources\app\extensions\gulp\dist\main
[2019-07-30 18:45:52.215] [exthost] [info] ExtensionService#_doActivateExtension vscode.jake {"startup":false,"activationEvent":"onCommand:workbench.action.tasks.runTask"}
[2019-07-30 18:45:52.215] [exthost] [info] ExtensionService#loadCommonJSModule c:\Users\zfj\.codemix\engine\resources\app\extensions\jake\dist\main
[2019-07-30 18:45:52.228] [exthost] [info] ExtensionService#_doActivateExtension vscode.npm {"startup":false,"activationEvent":"onCommand:workbench.action.tasks.runTask"}
[2019-07-30 18:45:52.228] [exthost] [info] ExtensionService#loadCommonJSModule c:\Users\zfj\.codemix\engine\resources\app\extensions\npm\dist\main
[2019-07-30 18:45:52.325] [exthost] [info] eager extensions activated
[2019-07-30 18:45:53.222] [exthost] [info] ExtensionService#_doActivateExtension christian-kohler.path-intellisense {"startup":false,"activationEvent":"*"}
[2019-07-30 18:45:53.222] [exthost] [info] ExtensionService#loadCommonJSModule c:\Users\zfj\.codemix\extensions\christian-kohler.path-intellisense-1.4.2\out\src\extension
[2019-07-30 18:48:27.338] [exthost] [info] extension host started
[2019-07-30 18:48:28.304] [exthost] [info] extension host started
[2019-07-30 18:48:28.326] [exthost] [info] ExtensionService#_doActivateExtension vscode.debug-auto-launch {"startup":true,"activationEvent":"*"}
[2019-07-30 18:48:28.326] [exthost] [info] ExtensionService#loadCommonJSModule c:\Users\zfj\.codemix\engine\resources\app\extensions\debug-auto-launch\dist\extension
[2019-07-30 18:48:28.330] [exthost] [info] ExtensionService#_doActivateExtension vscode.emmet {"startup":true,"activationEvent":"*"}
[2019-07-30 18:48:28.330] [exthost] [info] ExtensionService#loadCommonJSModule c:\Users\zfj\.codemix\engine\resources\app\extensions\emmet\dist\extension
[2019-07-30 18:48:28.335] [exthost] [info] ExtensionService#_doActivateExtension christian-kohler.path-intellisense {"startup":true,"activationEvent":"*"}
[2019-07-30 18:48:28.335] [exthost] [info] ExtensionService#loadCommonJSModule C:\Users\zfj\.codemix\extensions\christian-kohler.path-intellisense-1.4.2\out\src\extension
[2019-07-30 18:48:28.359] [exthost] [info] ExtensionService#_doActivateExtension vscode.configuration-editing {"startup":false,"activationEvent":"onLanguage:jsonc"}
[2019-07-30 18:48:28.359] [exthost] [info] ExtensionService#loadCommonJSModule c:\Users\zfj\.codemix\engine\resources\app\extensions\configuration-editing\dist\extension
[2019-07-30 18:48:28.362] [exthost] [info] ExtensionService#_doActivateExtension vscode.json-language-features {"startup":false,"activationEvent":"onLanguage:jsonc"}
[2019-07-30 18:48:28.362] [exthost] [info] ExtensionService#loadCommonJSModule c:\Users\zfj\.codemix\engine\resources\app\extensions\json-language-features\client\dist\jsonMain
[2019-07-30 18:48:28.385] [exthost] [info] ExtensionService#_doActivateExtension vscode.typescript-language-features {"startup":false,"activationEvent":"onLanguage:jsonc"}
[2019-07-30 18:48:28.385] [exthost] [info] ExtensionService#loadCommonJSModule c:\Users\zfj\.codemix\engine\resources\app\extensions\typescript-language-features\dist\extension
[2019-07-30 18:48:28.405] [exthost] [info] ExtensionService#_doActivateExtension vscode.grunt {"startup":false,"activationEvent":"onCommand:workbench.action.tasks.runTask"}
[2019-07-30 18:48:28.405] [exthost] [info] ExtensionService#loadCommonJSModule c:\Users\zfj\.codemix\engine\resources\app\extensions\grunt\dist\main
[2019-07-30 18:48:28.408] [exthost] [info] ExtensionService#_doActivateExtension vscode.gulp {"startup":false,"activationEvent":"onCommand:workbench.action.tasks.runTask"}
[2019-07-30 18:48:28.408] [exthost] [info] ExtensionService#loadCommonJSModule c:\Users\zfj\.codemix\engine\resources\app\extensions\gulp\dist\main
[2019-07-30 18:48:28.410] [exthost] [info] ExtensionService#_doActivateExtension vscode.jake {"startup":false,"activationEvent":"onCommand:workbench.action.tasks.runTask"}
[2019-07-30 18:48:28.410] [exthost] [info] ExtensionService#loadCommonJSModule c:\Users\zfj\.codemix\engine\resources\app\extensions\jake\dist\main
[2019-07-30 18:48:28.412] [exthost] [info] ExtensionService#_doActivateExtension vscode.npm {"startup":false,"activationEvent":"onCommand:workbench.action.tasks.runTask"}
[2019-07-30 18:48:28.412] [exthost] [info] ExtensionService#loadCommonJSModule c:\Users\zfj\.codemix\engine\resources\app\extensions\npm\dist\main
[2019-07-30 18:48:28.419] [exthost] [info] eager extensions activated
